<?xml version="1.0" encoding="UTF-8"?>
<!-- Generated by org.testng.reporters.JUnitXMLReporter -->
<testsuite ignored="0" hostname="DESKTOP-68DH6QH" failures="0" tests="5" name="ChromeTest" time="70.777" errors="0" timestamp="2025-01-29T18:25:09 IST">
  <testcase classname="testCase.LoginPageTest" name="LoginWithValidCredential" time="10.419"/>
  <testcase classname="testCase.LoginPageTest" name="verifyAlertMessageWhileRememberMeIconIsClickedAndRelogin" time="1.959"/>
  <testcase classname="testCase.LoginPageTest" name="verifyAlertMessageWhileLoginWithInvalidCredential" time="0.721"/>
  <testcase classname="testCase.LoginPageTest" name="verifyAlertMessageWhileLoginWithInvalidCredential" time="0.766"/>
  <testcase classname="testCase.LoginPageTest" name="verifyAlertMessageWhileLoginWithInvalidCredential" time="0.751"/>
</testsuite> <!-- ChromeTest -->
