<?xml version="1.0" encoding="UTF-8"?>
<!-- Generated by org.testng.reporters.JUnitXMLReporter -->
<testsuite ignored="2" hostname="DESKTOP-68DH6QH" failures="0" tests="1" name="ChromeTest" time="25.978" errors="0" timestamp="2025-01-18T17:21:06 IST">
  <testcase classname="testCase.LoginPageTest" name="LoginWithValidCredential" time="6.063"/>
  <testcase classname="testCase.LoginPageTest" name="verifyAlertMessageWhileLoginWithInvalidCredential" time="0.0">
    <ignored/>
  </testcase> <!-- verifyAlertMessageWhileLoginWithInvalidCredential -->
  <testcase classname="testCase.LoginPageTest" name="verifyAlertMessageWhileRememberMeIconIsClickedAndRelogin" time="0.0">
    <ignored/>
  </testcase> <!-- verifyAlertMessageWhileRememberMeIconIsClickedAndRelogin -->
</testsuite> <!-- ChromeTest -->
